<?xml version="1.0" encoding="UTF-8"?>
<!-- Generated by org.testng.reporters.JUnitXMLReporter -->
<testsuite hostname="IN-L2172" name="Default test" tests="5" failures="0" timestamp="16 Mar 2020 05:31:47 GMT" time="43.147" errors="0">
  <testcase name="feature" time="3.625" classname="com.yodlee.wellness.runner.LoginTestRunner"/>
  <testcase name="feature" time="30.723" classname="com.yodlee.wellness.runner.LoginTestRunner"/>
  <testcase name="feature" time="2.404" classname="com.yodlee.wellness.runner.LoginTestRunner"/>
  <testcase name="feature" time="3.063" classname="com.yodlee.wellness.runner.LoginTestRunner"/>
  <testcase name="feature" time="2.751" classname="com.yodlee.wellness.runner.LoginTestRunner"/>
</testsuite> <!-- Default test -->
